<?xml version="1.0" encoding="UTF-8"?>
<!-- Generated by org.testng.reporters.JUnitXMLReporter -->
<testsuite ignored="0" hostname="LAPTOP-7GMD68GN" failures="0" tests="2" name="Default test" time="4.88" errors="0" timestamp="2025-08-22T13:03:14 IST">
  <testcase classname="bharatcompany.SeleniumFramework14July.LoginTest" name="loginPageTestusinghashmap" time="0.174"/>
  <testcase classname="bharatcompany.SeleniumFramework14July.LoginTest" name="loginPageTestusinghashmap" time="0.169"/>
</testsuite> <!-- Default test -->
