<?xml version="1.0" encoding="UTF-8"?>
<!-- Generated by org.testng.reporters.JUnitXMLReporter -->
<testsuite ignored="0" hostname="LAPTOP-7GMD68GN" failures="0" tests="3" name="Test" time="10.098" errors="0" timestamp="2025-08-31T08:15:11 IST">
  <testcase classname="bharatcompany.SeleniumFramework14July.LoginTest" name="loginPageTestusinghashmap" time="0.195"/>
  <testcase classname="bharatcompany.SeleniumFramework14July.LoginTest" name="loginPageTestusinghashmap" time="0.154"/>
  <testcase classname="bharatcompany.SeleniumFramework14July.LoginTestFail" name="logintestfailure" time="0.17"/>
</testsuite> <!-- Test -->
