<?xml version="1.0" encoding="UTF-8"?>
<testng-results ignored="0" total="3" passed="3" failed="0" skipped="0">
  <reporter-output>
  </reporter-output>
  <suite started-at="2025-08-31T08:15:01 IST" name="Suite" finished-at="2025-08-31T08:15:11 IST" duration-ms="10098">
    <groups>
    </groups>
    <test started-at="2025-08-31T08:15:01 IST" name="Test" finished-at="2025-08-31T08:15:11 IST" duration-ms="10098">
      <class name="bharatcompany.SeleniumFramework14July.LoginTest">
        <test-method is-config="true" signature="launchApplication()[pri:0, instance:bharatcompany.SeleniumFramework14July.LoginTest@1d296da]" started-at="2025-08-31T08:15:01 IST" name="launchApplication" finished-at="2025-08-31T08:15:06 IST" duration-ms="5061" status="PASS">
          <reporter-output>
          </reporter-output>
        </test-method> <!-- launchApplication -->
        <test-method signature="loginPageTestusinghashmap(java.util.HashMap)[pri:0, instance:bharatcompany.SeleniumFramework14July.LoginTest@1d296da]" started-at="2025-08-31T08:15:06 IST" name="loginPageTestusinghashmap" data-provider="loginTestDatausingHashMap" finished-at="2025-08-31T08:15:06 IST" duration-ms="195" status="PASS">
          <params>
            <param index="0">
              <value>
                <![CDATA[{password=Swift@0527, useremail=mebharatbhardwaj@gmail.com}]]>
              </value>
            </param>
          </params>
          <reporter-output>
          </reporter-output>
        </test-method> <!-- loginPageTestusinghashmap -->
        <test-method is-config="true" signature="launchApplication()[pri:0, instance:bharatcompany.SeleniumFramework14July.LoginTest@1d296da]" started-at="2025-08-31T08:15:06 IST" name="launchApplication" finished-at="2025-08-31T08:15:09 IST" duration-ms="2133" status="PASS">
          <reporter-output>
          </reporter-output>
        </test-method> <!-- launchApplication -->
        <test-method signature="loginPageTestusinghashmap(java.util.HashMap)[pri:0, instance:bharatcompany.SeleniumFramework14July.LoginTest@1d296da]" started-at="2025-08-31T08:15:09 IST" name="loginPageTestusinghashmap" data-provider="loginTestDatausingHashMap" finished-at="2025-08-31T08:15:09 IST" duration-ms="154" status="PASS">
          <params>
            <param index="0">
              <value>
                <![CDATA[{password=Swift@0527, useremail=mebharatbhardwaj2@gmail.com}]]>
              </value>
            </param>
          </params>
          <reporter-output>
          </reporter-output>
        </test-method> <!-- loginPageTestusinghashmap -->
      </class> <!-- bharatcompany.SeleniumFramework14July.LoginTest -->
      <class name="bharatcompany.SeleniumFramework14July.LoginTestFail">
        <test-method is-config="true" signature="launchApplication()[pri:0, instance:bharatcompany.SeleniumFramework14July.LoginTestFail@185a6e9]" started-at="2025-08-31T08:15:09 IST" name="launchApplication" finished-at="2025-08-31T08:15:11 IST" duration-ms="2348" status="PASS">
          <reporter-output>
          </reporter-output>
        </test-method> <!-- launchApplication -->
        <test-method signature="logintestfailure()[pri:0, instance:bharatcompany.SeleniumFramework14July.LoginTestFail@185a6e9]" started-at="2025-08-31T08:15:11 IST" name="logintestfailure" finished-at="2025-08-31T08:15:11 IST" duration-ms="170" status="PASS">
          <reporter-output>
          </reporter-output>
        </test-method> <!-- logintestfailure -->
      </class> <!-- bharatcompany.SeleniumFramework14July.LoginTestFail -->
    </test> <!-- Test -->
  </suite> <!-- Suite -->
</testng-results>
